  [1m[35m (0.1ms)[0m  [1m[34mSELECT sqlite_version(*)[0m
  [1m[35m (152.8ms)[0m  [1m[35mCREATE TABLE "schema_migrations" ("version" varchar NOT NULL PRIMARY KEY)[0m
  [1m[35m (138.1ms)[0m  [1m[35mCREATE TABLE "ar_internal_metadata" ("key" varchar NOT NULL PRIMARY KEY, "value" varchar, "created_at" datetime NOT NULL, "updated_at" datetime NOT NULL)[0m
  [1m[35m (0.3ms)[0m  [1m[34mSELECT "schema_migrations"."version" FROM "schema_migrations" ORDER BY "schema_migrations"."version" ASC[0m
Migrating to CreateEvents (20180113131122)
  [1m[35m (0.1ms)[0m  [1m[36mbegin transaction[0m
  [1m[35m (0.8ms)[0m  [1m[35mCREATE TABLE "events" ("id" INTEGER PRIMARY KEY AUTOINCREMENT NOT NULL, "starts_at" datetime, "ends_at" datetime, "kind" varchar, "weekly_recurring" boolean, "created_at" datetime NOT NULL, "updated_at" datetime NOT NULL)[0m
  [1m[35mSQL (0.4ms)[0m  [1m[32mINSERT INTO "schema_migrations" ("version") VALUES (?)[0m  [["version", "20180113131122"]]
  [1m[35m (111.9ms)[0m  [1m[36mcommit transaction[0m
  [1m[36mActiveRecord::InternalMetadata Load (0.4ms)[0m  [1m[34mSELECT  "ar_internal_metadata".* FROM "ar_internal_metadata" WHERE "ar_internal_metadata"."key" = ? LIMIT ?[0m  [["key", "environment"], ["LIMIT", 1]]
  [1m[35m (0.2ms)[0m  [1m[36mbegin transaction[0m
  [1m[35mSQL (0.6ms)[0m  [1m[32mINSERT INTO "ar_internal_metadata" ("key", "value", "created_at", "updated_at") VALUES (?, ?, ?, ?)[0m  [["key", "environment"], ["value", "development"], ["created_at", "2018-01-13 15:22:03.265719"], ["updated_at", "2018-01-13 15:22:03.265719"]]
  [1m[35m (81.3ms)[0m  [1m[36mcommit transaction[0m
  [1m[35m (1.3ms)[0m  [1m[34mSELECT "schema_migrations"."version" FROM "schema_migrations" ORDER BY "schema_migrations"."version" ASC[0m
  [1m[36mEvent Load (0.8ms)[0m  [1m[34mSELECT  "events".* FROM "events" WHERE ("events"."kind" = ? AND "events"."weekly_recurring" = ? AND (starts_at < '2018-01-21 00:00:00') OR "events"."weekly_recurring" = ? AND ("events"."starts_at" BETWEEN ? AND ?)) LIMIT ?[0m  [["kind", "opening"], ["weekly_recurring", "t"], ["weekly_recurring", "f"], ["starts_at", "2018-01-14"], ["starts_at", "2018-01-20"], ["LIMIT", 11]]
  [1m[36mEvent Load (0.6ms)[0m  [1m[34mSELECT  "events".* FROM "events" WHERE ("events"."kind" = ? AND "events"."weekly_recurring" = ? AND (starts_at < '2018-01-21 00:00:00') OR "events"."weekly_recurring" = ? AND ("events"."starts_at" BETWEEN ? AND ?)) LIMIT ?[0m  [["kind", "opening"], ["weekly_recurring", "t"], ["weekly_recurring", "f"], ["starts_at", "2018-01-14"], ["starts_at", "2018-01-20"], ["LIMIT", 11]]
  [1m[36mEvent Load (0.7ms)[0m  [1m[34mSELECT  "events".* FROM "events" WHERE "events"."kind" = ? AND "events"."weekly_recurring" = ? AND (starts_at < '2018-01-21 00:00:00') LIMIT ?[0m  [["kind", "opening"], ["weekly_recurring", "t"], ["LIMIT", 11]]
  [1m[36mEvent Load (0.5ms)[0m  [1m[34mSELECT "events".* FROM "events" WHERE "events"."kind" = ? AND "events"."weekly_recurring" = ? AND (starts_at < '2018-01-21 00:00:00')[0m  [["kind", "opening"], ["weekly_recurring", "t"]]
  [1m[36mEvent Load (0.6ms)[0m  [1m[34mSELECT "events".* FROM "events" WHERE "events"."kind" = ? AND "events"."weekly_recurring" = ? AND ("events"."starts_at" BETWEEN ? AND ?)[0m  [["kind", "opening"], ["weekly_recurring", "f"], ["starts_at", "2018-01-14"], ["starts_at", "2018-01-20"]]
  [1m[35m (0.1ms)[0m  [1m[36mbegin transaction[0m
  [1m[35mSQL (1.9ms)[0m  [1m[32mINSERT INTO "events" ("starts_at", "ends_at", "kind", "created_at", "updated_at") VALUES (?, ?, ?, ?, ?)[0m  [["starts_at", "2014-08-11 10:30:00"], ["ends_at", "2014-08-11 11:30:00"], ["kind", "appointment"], ["created_at", "2018-01-13 17:53:44.582881"], ["updated_at", "2018-01-13 17:53:44.582881"]]
  [1m[35m (81.0ms)[0m  [1m[36mcommit transaction[0m
  [1m[35m (0.2ms)[0m  [1m[36mbegin transaction[0m
  [1m[35mSQL (0.8ms)[0m  [1m[32mINSERT INTO "events" ("starts_at", "ends_at", "kind", "created_at", "updated_at") VALUES (?, ?, ?, ?, ?)[0m  [["starts_at", "2014-08-12 10:30:00"], ["ends_at", "2014-08-12 11:30:00"], ["kind", "appointment"], ["created_at", "2018-01-13 17:53:59.723910"], ["updated_at", "2018-01-13 17:53:59.723910"]]
  [1m[35m (110.1ms)[0m  [1m[36mcommit transaction[0m
  [1m[36mEvent Load (1.1ms)[0m  [1m[34mSELECT  "events".* FROM "events" WHERE "events"."kind" = ? AND ("events"."starts_at" BETWEEN ? AND ?) GROUP BY start_at.to_date LIMIT ?[0m  [["kind", "appointment"], ["starts_at", "2014-08-12"], ["starts_at", "2014-08-19"], ["LIMIT", 11]]
  [1m[36mEvent Load (0.7ms)[0m  [1m[34mSELECT "events".* FROM "events" WHERE "events"."kind" = ? AND ("events"."starts_at" BETWEEN ? AND ?)[0m  [["kind", "appointment"], ["starts_at", "2014-08-12"], ["starts_at", "2014-08-19"]]
  [1m[36mEvent Load (0.5ms)[0m  [1m[34mSELECT "events".* FROM "events" WHERE "events"."kind" = ? AND ("events"."starts_at" BETWEEN ? AND ?)[0m  [["kind", "appointment"], ["starts_at", "2014-08-12"], ["starts_at", "2014-08-19"]]
  [1m[36mEvent Load (0.4ms)[0m  [1m[34mSELECT "events".* FROM "events" WHERE "events"."kind" = ? AND ("events"."starts_at" BETWEEN ? AND ?)[0m  [["kind", "appointment"], ["starts_at", "2014-08-12 00:00:00"], ["starts_at", "2014-08-19 00:00:00"]]
  [1m[36mEvent Load (0.5ms)[0m  [1m[34mSELECT  "events".* FROM "events" LIMIT ?[0m  [["LIMIT", 11]]
  [1m[36mEvent Load (0.2ms)[0m  [1m[34mSELECT "events".* FROM "events" WHERE "events"."kind" = ? AND ("events"."starts_at" BETWEEN ? AND ?)[0m  [["kind", "appointment"], ["starts_at", "2014-08-15 00:00:00"], ["starts_at", "2014-08-19 00:00:00"]]
  [1m[36mEvent Load (0.4ms)[0m  [1m[34mSELECT "events".* FROM "events" WHERE "events"."kind" = ? AND ("events"."starts_at" BETWEEN ? AND ?)[0m  [["kind", "appointment"], ["starts_at", "2014-08-09 00:00:00"], ["starts_at", "2014-08-19 00:00:00"]]
  [1m[35m (0.2ms)[0m  [1m[36mbegin transaction[0m
  [1m[35mSQL (0.8ms)[0m  [1m[32mINSERT INTO "events" ("starts_at", "ends_at", "kind", "weekly_recurring", "created_at", "updated_at") VALUES (?, ?, ?, ?, ?, ?)[0m  [["starts_at", "2014-08-04 09:30:00"], ["ends_at", "2014-08-04 12:30:00"], ["kind", "opening"], ["weekly_recurring", "t"], ["created_at", "2018-01-13 18:03:19.580773"], ["updated_at", "2018-01-13 18:03:19.580773"]]
  [1m[35m (112.1ms)[0m  [1m[36mcommit transaction[0m
  [1m[35m (0.2ms)[0m  [1m[36mbegin transaction[0m
  [1m[35mSQL (0.6ms)[0m  [1m[32mINSERT INTO "events" ("starts_at", "ends_at", "kind", "weekly_recurring", "created_at", "updated_at") VALUES (?, ?, ?, ?, ?, ?)[0m  [["starts_at", "2014-08-06 09:30:00"], ["ends_at", "2014-08-06 12:30:00"], ["kind", "opening"], ["weekly_recurring", "t"], ["created_at", "2018-01-13 18:03:31.933574"], ["updated_at", "2018-01-13 18:03:31.933574"]]
  [1m[35m (106.3ms)[0m  [1m[36mcommit transaction[0m
  [1m[35m (0.2ms)[0m  [1m[36mbegin transaction[0m
  [1m[35mSQL (0.6ms)[0m  [1m[32mINSERT INTO "events" ("starts_at", "ends_at", "kind", "weekly_recurring", "created_at", "updated_at") VALUES (?, ?, ?, ?, ?, ?)[0m  [["starts_at", "2014-08-08 09:30:00"], ["ends_at", "2014-08-08 12:30:00"], ["kind", "opening"], ["weekly_recurring", "f"], ["created_at", "2018-01-13 18:04:04.508391"], ["updated_at", "2018-01-13 18:04:04.508391"]]
  [1m[35m (111.4ms)[0m  [1m[36mcommit transaction[0m
  [1m[36mEvent Load (0.3ms)[0m  [1m[34mSELECT "events".* FROM "events" WHERE "events"."kind" = ? AND ("events"."starts_at" BETWEEN ? AND ?)[0m  [["kind", "appointment"], ["starts_at", "2014-08-04 00:00:00"], ["starts_at", "2014-08-14 00:00:00"]]
  [1m[36mEvent Load (0.6ms)[0m  [1m[34mSELECT "events".* FROM "events" WHERE "events"."kind" = ? AND "events"."weekly_recurring" = ? AND (starts_at < '2014-08-15 00:00:00')[0m  [["kind", "opening"], ["weekly_recurring", "t"]]
  [1m[36mEvent Load (0.6ms)[0m  [1m[34mSELECT "events".* FROM "events" WHERE "events"."kind" = ? AND "events"."weekly_recurring" = ? AND ("events"."starts_at" BETWEEN ? AND ?)[0m  [["kind", "opening"], ["weekly_recurring", "f"], ["starts_at", "2014-08-07"], ["starts_at", "2014-08-14"]]
  [1m[35m (0.2ms)[0m  [1m[36mbegin transaction[0m
  [1m[35mSQL (0.6ms)[0m  [1m[33mUPDATE "events" SET "starts_at" = ?, "ends_at" = ?, "updated_at" = ? WHERE "events"."id" = ?[0m  [["starts_at", "2014-08-04 09:30:07"], ["ends_at", "2014-08-04 12:30:07"], ["updated_at", "2018-01-13 18:20:05.458347"], ["id", 3]]
  [1m[35m (109.2ms)[0m  [1m[36mcommit transaction[0m
  [1m[35m (0.2ms)[0m  [1m[36mbegin transaction[0m
  [1m[35mSQL (0.6ms)[0m  [1m[33mUPDATE "events" SET "starts_at" = ?, "ends_at" = ?, "updated_at" = ? WHERE "events"."id" = ?[0m  [["starts_at", "2014-08-06 09:30:07"], ["ends_at", "2014-08-06 12:30:07"], ["updated_at", "2018-01-13 18:20:05.573395"], ["id", 4]]
  [1m[35m (70.7ms)[0m  [1m[36mcommit transaction[0m
  [1m[36mEvent Load (0.6ms)[0m  [1m[34mSELECT "events".* FROM "events" WHERE "events"."kind" = ? AND "events"."weekly_recurring" = ? AND (starts_at < '2014-08-15 00:00:00')[0m  [["kind", "opening"], ["weekly_recurring", "t"]]
  [1m[36mEvent Load (0.4ms)[0m  [1m[34mSELECT "events".* FROM "events" WHERE "events"."kind" = ? AND "events"."weekly_recurring" = ? AND ("events"."starts_at" BETWEEN ? AND ?)[0m  [["kind", "opening"], ["weekly_recurring", "f"], ["starts_at", "2014-08-07"], ["starts_at", "2014-08-14"]]
  [1m[35m (0.2ms)[0m  [1m[36mbegin transaction[0m
  [1m[35mSQL (0.6ms)[0m  [1m[33mUPDATE "events" SET "starts_at" = ?, "ends_at" = ?, "updated_at" = ? WHERE "events"."id" = ?[0m  [["starts_at", "2014-08-04 09:30:14"], ["ends_at", "2014-08-04 12:30:14"], ["updated_at", "2018-01-13 18:20:24.699951"], ["id", 3]]
  [1m[35m (111.8ms)[0m  [1m[36mcommit transaction[0m
  [1m[35m (0.2ms)[0m  [1m[36mbegin transaction[0m
  [1m[35mSQL (0.5ms)[0m  [1m[33mUPDATE "events" SET "starts_at" = ?, "ends_at" = ?, "updated_at" = ? WHERE "events"."id" = ?[0m  [["starts_at", "2014-08-06 09:30:14"], ["ends_at", "2014-08-06 12:30:14"], ["updated_at", "2018-01-13 18:20:24.818607"], ["id", 4]]
  [1m[35m (82.9ms)[0m  [1m[36mcommit transaction[0m
  [1m[36mEvent Load (0.6ms)[0m  [1m[34mSELECT "events".* FROM "events" WHERE "events"."kind" = ? AND "events"."weekly_recurring" = ? AND (starts_at < '2014-08-15 00:00:00')[0m  [["kind", "opening"], ["weekly_recurring", "t"]]
  [1m[36mEvent Load (0.5ms)[0m  [1m[34mSELECT "events".* FROM "events" WHERE "events"."kind" = ? AND "events"."weekly_recurring" = ? AND ("events"."starts_at" BETWEEN ? AND ?)[0m  [["kind", "opening"], ["weekly_recurring", "f"], ["starts_at", "2014-08-07"], ["starts_at", "2014-08-14"]]
  [1m[35m (0.1ms)[0m  [1m[36mbegin transaction[0m
  [1m[35mSQL (0.5ms)[0m  [1m[33mUPDATE "events" SET "starts_at" = ?, "ends_at" = ?, "updated_at" = ? WHERE "events"."id" = ?[0m  [["starts_at", "2014-08-04 09:30:21"], ["ends_at", "2014-08-04 12:30:21"], ["updated_at", "2018-01-13 18:20:28.726059"], ["id", 3]]
  [1m[35m (98.5ms)[0m  [1m[36mcommit transaction[0m
  [1m[35m (0.1ms)[0m  [1m[36mbegin transaction[0m
  [1m[35mSQL (0.6ms)[0m  [1m[33mUPDATE "events" SET "starts_at" = ?, "ends_at" = ?, "updated_at" = ? WHERE "events"."id" = ?[0m  [["starts_at", "2014-08-06 09:30:21"], ["ends_at", "2014-08-06 12:30:21"], ["updated_at", "2018-01-13 18:20:28.829753"], ["id", 4]]
  [1m[35m (72.0ms)[0m  [1m[36mcommit transaction[0m
  [1m[36mEvent Load (0.5ms)[0m  [1m[34mSELECT "events".* FROM "events" WHERE "events"."kind" = ? AND "events"."weekly_recurring" = ? AND (starts_at < '2014-08-15 00:00:00')[0m  [["kind", "opening"], ["weekly_recurring", "t"]]
  [1m[36mEvent Load (1.0ms)[0m  [1m[34mSELECT "events".* FROM "events" WHERE "events"."kind" = ? AND "events"."weekly_recurring" = ? AND ("events"."starts_at" BETWEEN ? AND ?)[0m  [["kind", "opening"], ["weekly_recurring", "f"], ["starts_at", "2014-08-07"], ["starts_at", "2014-08-14"]]
  [1m[35m (0.2ms)[0m  [1m[36mbegin transaction[0m
  [1m[35mSQL (0.8ms)[0m  [1m[33mUPDATE "events" SET "starts_at" = ?, "ends_at" = ?, "updated_at" = ? WHERE "events"."id" = ?[0m  [["starts_at", "2014-08-04 09:30:28"], ["ends_at", "2014-08-04 12:30:28"], ["updated_at", "2018-01-13 18:23:27.039979"], ["id", 3]]
  [1m[35m (76.6ms)[0m  [1m[36mcommit transaction[0m
  [1m[35m (0.2ms)[0m  [1m[36mbegin transaction[0m
  [1m[35mSQL (2.4ms)[0m  [1m[33mUPDATE "events" SET "starts_at" = ?, "ends_at" = ?, "updated_at" = ? WHERE "events"."id" = ?[0m  [["starts_at", "2014-08-06 09:30:28"], ["ends_at", "2014-08-06 12:30:28"], ["updated_at", "2018-01-13 18:23:36.969194"], ["id", 4]]
  [1m[35m (113.7ms)[0m  [1m[36mcommit transaction[0m
  [1m[36mEvent Load (0.6ms)[0m  [1m[34mSELECT "events".* FROM "events" WHERE "events"."kind" = ?[0m  [["kind", "opening"]]
  [1m[36mEvent Load (0.4ms)[0m  [1m[34mSELECT "events".* FROM "events" WHERE "events"."kind" = ? AND "events"."weekly_recurring" = ? AND (starts_at < '2014-08-15 00:00:00')[0m  [["kind", "opening"], ["weekly_recurring", "t"]]
  [1m[36mEvent Load (0.5ms)[0m  [1m[34mSELECT "events".* FROM "events" WHERE "events"."kind" = ? AND "events"."weekly_recurring" = ? AND ("events"."starts_at" BETWEEN ? AND ?)[0m  [["kind", "opening"], ["weekly_recurring", "f"], ["starts_at", "2014-08-07"], ["starts_at", "2014-08-14"]]
  [1m[36mEvent Load (0.4ms)[0m  [1m[34mSELECT "events".* FROM "events" WHERE "events"."kind" = ? AND "events"."weekly_recurring" = ? AND (starts_at < '2014-08-15 00:00:00')[0m  [["kind", "opening"], ["weekly_recurring", "t"]]
  [1m[36mEvent Load (0.4ms)[0m  [1m[34mSELECT "events".* FROM "events" WHERE "events"."kind" = ? AND "events"."weekly_recurring" = ? AND ("events"."starts_at" BETWEEN ? AND ?)[0m  [["kind", "opening"], ["weekly_recurring", "f"], ["starts_at", "2014-08-07"], ["starts_at", "2014-08-14"]]
  [1m[36mEvent Load (0.3ms)[0m  [1m[34mSELECT "events".* FROM "events" WHERE "events"."kind" = ? AND "events"."weekly_recurring" = ? AND (starts_at < '2014-08-15 00:00:00')[0m  [["kind", "opening"], ["weekly_recurring", "t"]]
  [1m[36mEvent Load (0.4ms)[0m  [1m[34mSELECT "events".* FROM "events" WHERE "events"."kind" = ? AND "events"."weekly_recurring" = ? AND ("events"."starts_at" BETWEEN ? AND ?)[0m  [["kind", "opening"], ["weekly_recurring", "f"], ["starts_at", "2014-08-07"], ["starts_at", "2014-08-14"]]
  [1m[36mEvent Load (0.6ms)[0m  [1m[34mSELECT "events".* FROM "events" WHERE "events"."kind" = ? AND "events"."weekly_recurring" = ? AND (starts_at < '2014-08-15 00:00:00')[0m  [["kind", "opening"], ["weekly_recurring", "t"]]
  [1m[36mEvent Load (0.6ms)[0m  [1m[34mSELECT "events".* FROM "events" WHERE "events"."kind" = ? AND "events"."weekly_recurring" = ? AND ("events"."starts_at" BETWEEN ? AND ?)[0m  [["kind", "opening"], ["weekly_recurring", "f"], ["starts_at", "2014-08-07"], ["starts_at", "2014-08-14"]]
  [1m[36mEvent Load (0.5ms)[0m  [1m[34mSELECT "events".* FROM "events" WHERE "events"."kind" = ? AND "events"."weekly_recurring" = ? AND (starts_at < '2014-08-15 00:00:00')[0m  [["kind", "opening"], ["weekly_recurring", "t"]]
  [1m[36mEvent Load (0.4ms)[0m  [1m[34mSELECT "events".* FROM "events" WHERE "events"."kind" = ? AND "events"."weekly_recurring" = ? AND ("events"."starts_at" BETWEEN ? AND ?)[0m  [["kind", "opening"], ["weekly_recurring", "f"], ["starts_at", "2014-08-07"], ["starts_at", "2014-08-14"]]
  [1m[36mEvent Load (0.3ms)[0m  [1m[34mSELECT "events".* FROM "events" WHERE "events"."kind" = ? AND "events"."weekly_recurring" = ? AND (starts_at < '2014-08-15 00:00:00')[0m  [["kind", "opening"], ["weekly_recurring", "t"]]
  [1m[36mEvent Load (0.4ms)[0m  [1m[34mSELECT "events".* FROM "events" WHERE "events"."kind" = ? AND "events"."weekly_recurring" = ? AND ("events"."starts_at" BETWEEN ? AND ?)[0m  [["kind", "opening"], ["weekly_recurring", "f"], ["starts_at", "2014-08-07"], ["starts_at", "2014-08-14"]]
  [1m[36mEvent Load (0.5ms)[0m  [1m[34mSELECT "events".* FROM "events" WHERE "events"."kind" = ? AND "events"."weekly_recurring" = ? AND (starts_at < '2014-08-14 00:00:00')[0m  [["kind", "opening"], ["weekly_recurring", "t"]]
  [1m[36mEvent Load (0.5ms)[0m  [1m[34mSELECT "events".* FROM "events" WHERE "events"."kind" = ? AND "events"."weekly_recurring" = ? AND ("events"."starts_at" BETWEEN ? AND ?)[0m  [["kind", "opening"], ["weekly_recurring", "f"], ["starts_at", "2014-08-07"], ["starts_at", "2014-08-13"]]
  [1m[36mEvent Load (0.6ms)[0m  [1m[34mSELECT "events".* FROM "events" WHERE "events"."kind" = ? AND ("events"."starts_at" BETWEEN ? AND ?)[0m  [["kind", "appointment"], ["starts_at", "2014-08-07 00:00:00"], ["starts_at", "2014-08-13 00:00:00"]]
  [1m[36mEvent Load (0.7ms)[0m  [1m[34mSELECT "events".* FROM "events" WHERE "events"."kind" = ? AND "events"."weekly_recurring" = ? AND (starts_at < '2014-08-14 00:00:00')[0m  [["kind", "opening"], ["weekly_recurring", "t"]]
  [1m[36mEvent Load (1.0ms)[0m  [1m[34mSELECT "events".* FROM "events" WHERE "events"."kind" = ? AND "events"."weekly_recurring" = ? AND ("events"."starts_at" BETWEEN ? AND ?)[0m  [["kind", "opening"], ["weekly_recurring", "f"], ["starts_at", "2014-08-07"], ["starts_at", "2014-08-13"]]
  [1m[36mEvent Load (0.4ms)[0m  [1m[34mSELECT "events".* FROM "events" WHERE "events"."kind" = ? AND ("events"."starts_at" BETWEEN ? AND ?)[0m  [["kind", "appointment"], ["starts_at", "2014-08-07 00:00:00"], ["starts_at", "2014-08-13 00:00:00"]]
  [1m[36mEvent Load (0.6ms)[0m  [1m[34mSELECT "events".* FROM "events" WHERE "events"."kind" = ? AND "events"."weekly_recurring" = ? AND (starts_at < '2014-08-14 00:00:00')[0m  [["kind", "opening"], ["weekly_recurring", "t"]]
  [1m[36mEvent Load (0.6ms)[0m  [1m[34mSELECT "events".* FROM "events" WHERE "events"."kind" = ? AND "events"."weekly_recurring" = ? AND ("events"."starts_at" BETWEEN ? AND ?)[0m  [["kind", "opening"], ["weekly_recurring", "f"], ["starts_at", "2014-08-07"], ["starts_at", "2014-08-13"]]
  [1m[36mEvent Load (0.4ms)[0m  [1m[34mSELECT "events".* FROM "events" WHERE "events"."kind" = ? AND ("events"."starts_at" BETWEEN ? AND ?)[0m  [["kind", "appointment"], ["starts_at", "2014-08-07 00:00:00"], ["starts_at", "2014-08-13 00:00:00"]]
  [1m[36mEvent Load (0.3ms)[0m  [1m[34mSELECT "events".* FROM "events" WHERE "events"."kind" = ? AND "events"."weekly_recurring" = ? AND (starts_at < '2014-08-14 00:00:00')[0m  [["kind", "opening"], ["weekly_recurring", "t"]]
  [1m[36mEvent Load (0.3ms)[0m  [1m[34mSELECT "events".* FROM "events" WHERE "events"."kind" = ? AND "events"."weekly_recurring" = ? AND ("events"."starts_at" BETWEEN ? AND ?)[0m  [["kind", "opening"], ["weekly_recurring", "f"], ["starts_at", "2014-08-07"], ["starts_at", "2014-08-13"]]
  [1m[36mEvent Load (0.3ms)[0m  [1m[34mSELECT "events".* FROM "events" WHERE "events"."kind" = ? AND ("events"."starts_at" BETWEEN ? AND ?)[0m  [["kind", "appointment"], ["starts_at", "2014-08-07 00:00:00"], ["starts_at", "2014-08-13 00:00:00"]]
  [1m[36mEvent Load (1.0ms)[0m  [1m[34mSELECT "events".* FROM "events" WHERE "events"."kind" = ? AND "events"."weekly_recurring" = ? AND (starts_at < '2014-08-14 00:00:00')[0m  [["kind", "opening"], ["weekly_recurring", "t"]]
  [1m[36mEvent Load (0.6ms)[0m  [1m[34mSELECT "events".* FROM "events" WHERE "events"."kind" = ? AND "events"."weekly_recurring" = ? AND ("events"."starts_at" BETWEEN ? AND ?)[0m  [["kind", "opening"], ["weekly_recurring", "f"], ["starts_at", "2014-08-07"], ["starts_at", "2014-08-13"]]
  [1m[36mEvent Load (0.5ms)[0m  [1m[34mSELECT "events".* FROM "events" WHERE "events"."kind" = ? AND ("events"."starts_at" BETWEEN ? AND ?)[0m  [["kind", "appointment"], ["starts_at", "2014-08-07 00:00:00"], ["starts_at", "2014-08-13 00:00:00"]]
  [1m[36mEvent Load (0.6ms)[0m  [1m[34mSELECT "events".* FROM "events" WHERE "events"."kind" = ? AND "events"."weekly_recurring" = ? AND (starts_at < '2014-08-14 00:00:00')[0m  [["kind", "opening"], ["weekly_recurring", "t"]]
  [1m[36mEvent Load (0.3ms)[0m  [1m[34mSELECT "events".* FROM "events" WHERE "events"."kind" = ? AND "events"."weekly_recurring" = ? AND ("events"."starts_at" BETWEEN ? AND ?)[0m  [["kind", "opening"], ["weekly_recurring", "f"], ["starts_at", "2014-08-07"], ["starts_at", "2014-08-13"]]
  [1m[36mEvent Load (0.3ms)[0m  [1m[34mSELECT "events".* FROM "events" WHERE "events"."kind" = ? AND ("events"."starts_at" BETWEEN ? AND ?)[0m  [["kind", "appointment"], ["starts_at", "2014-08-07 00:00:00"], ["starts_at", "2014-08-13 00:00:00"]]
  [1m[36mEvent Load (0.4ms)[0m  [1m[34mSELECT "events".* FROM "events" WHERE "events"."kind" = ? AND "events"."weekly_recurring" = ? AND (starts_at < '2014-08-14 00:00:00')[0m  [["kind", "opening"], ["weekly_recurring", "t"]]
  [1m[36mEvent Load (0.3ms)[0m  [1m[34mSELECT "events".* FROM "events" WHERE "events"."kind" = ? AND "events"."weekly_recurring" = ? AND ("events"."starts_at" BETWEEN ? AND ?)[0m  [["kind", "opening"], ["weekly_recurring", "f"], ["starts_at", "2014-08-07"], ["starts_at", "2014-08-13"]]
  [1m[36mEvent Load (0.2ms)[0m  [1m[34mSELECT "events".* FROM "events" WHERE "events"."kind" = ? AND ("events"."starts_at" BETWEEN ? AND ?)[0m  [["kind", "appointment"], ["starts_at", "2014-08-07 00:00:00"], ["starts_at", "2014-08-13 00:00:00"]]
  [1m[36mEvent Load (0.5ms)[0m  [1m[34mSELECT "events".* FROM "events" WHERE "events"."kind" = ? AND "events"."weekly_recurring" = ? AND (starts_at < '2014-08-14 00:00:00')[0m  [["kind", "opening"], ["weekly_recurring", "t"]]
  [1m[36mEvent Load (0.5ms)[0m  [1m[34mSELECT "events".* FROM "events" WHERE "events"."kind" = ? AND "events"."weekly_recurring" = ? AND ("events"."starts_at" BETWEEN ? AND ?)[0m  [["kind", "opening"], ["weekly_recurring", "f"], ["starts_at", "2014-08-07"], ["starts_at", "2014-08-13"]]
  [1m[36mEvent Load (0.4ms)[0m  [1m[34mSELECT "events".* FROM "events" WHERE "events"."kind" = ? AND ("events"."starts_at" BETWEEN ? AND ?)[0m  [["kind", "appointment"], ["starts_at", "2014-08-07 00:00:00"], ["starts_at", "2014-08-13 00:00:00"]]
  [1m[36mEvent Load (0.5ms)[0m  [1m[34mSELECT "events".* FROM "events" WHERE "events"."kind" = ? AND "events"."weekly_recurring" = ? AND (starts_at < '2014-08-14 00:00:00')[0m  [["kind", "opening"], ["weekly_recurring", "t"]]
  [1m[36mEvent Load (0.3ms)[0m  [1m[34mSELECT "events".* FROM "events" WHERE "events"."kind" = ? AND "events"."weekly_recurring" = ? AND ("events"."starts_at" BETWEEN ? AND ?)[0m  [["kind", "opening"], ["weekly_recurring", "f"], ["starts_at", "2014-08-07"], ["starts_at", "2014-08-13"]]
  [1m[36mEvent Load (0.2ms)[0m  [1m[34mSELECT "events".* FROM "events" WHERE "events"."kind" = ? AND ("events"."starts_at" BETWEEN ? AND ?)[0m  [["kind", "appointment"], ["starts_at", "2014-08-07 00:00:00"], ["starts_at", "2014-08-13 00:00:00"]]
  [1m[36mEvent Load (0.6ms)[0m  [1m[34mSELECT "events".* FROM "events" WHERE "events"."kind" = ? AND "events"."weekly_recurring" = ? AND (starts_at < '2014-08-14 00:00:00')[0m  [["kind", "opening"], ["weekly_recurring", "t"]]
  [1m[36mEvent Load (0.4ms)[0m  [1m[34mSELECT "events".* FROM "events" WHERE "events"."kind" = ? AND "events"."weekly_recurring" = ? AND ("events"."starts_at" BETWEEN ? AND ?)[0m  [["kind", "opening"], ["weekly_recurring", "f"], ["starts_at", "2014-08-07"], ["starts_at", "2014-08-13"]]
  [1m[36mEvent Load (0.4ms)[0m  [1m[34mSELECT "events".* FROM "events" WHERE "events"."kind" = ? AND ("events"."starts_at" BETWEEN ? AND ?)[0m  [["kind", "appointment"], ["starts_at", "2014-08-07 00:00:00"], ["starts_at", "2014-08-13 00:00:00"]]
  [1m[36mEvent Load (0.6ms)[0m  [1m[34mSELECT "events".* FROM "events" WHERE "events"."kind" = ? AND "events"."weekly_recurring" = ? AND (starts_at < '2014-08-14 00:00:00')[0m  [["kind", "opening"], ["weekly_recurring", "t"]]
  [1m[36mEvent Load (0.2ms)[0m  [1m[34mSELECT "events".* FROM "events" WHERE "events"."kind" = ? AND "events"."weekly_recurring" = ? AND ("events"."starts_at" BETWEEN ? AND ?)[0m  [["kind", "opening"], ["weekly_recurring", "f"], ["starts_at", "2014-08-07"], ["starts_at", "2014-08-13"]]
  [1m[36mEvent Load (0.2ms)[0m  [1m[34mSELECT "events".* FROM "events" WHERE "events"."kind" = ? AND ("events"."starts_at" BETWEEN ? AND ?)[0m  [["kind", "appointment"], ["starts_at", "2014-08-07 00:00:00"], ["starts_at", "2014-08-13 00:00:00"]]
  [1m[36mEvent Load (0.5ms)[0m  [1m[34mSELECT "events".* FROM "events" WHERE "events"."kind" = ? AND "events"."weekly_recurring" = ? AND (starts_at < '2014-08-14 00:00:00')[0m  [["kind", "opening"], ["weekly_recurring", "t"]]
  [1m[36mEvent Load (0.3ms)[0m  [1m[34mSELECT "events".* FROM "events" WHERE "events"."kind" = ? AND "events"."weekly_recurring" = ? AND ("events"."starts_at" BETWEEN ? AND ?)[0m  [["kind", "opening"], ["weekly_recurring", "f"], ["starts_at", "2014-08-07"], ["starts_at", "2014-08-13"]]
  [1m[36mEvent Load (0.3ms)[0m  [1m[34mSELECT "events".* FROM "events" WHERE "events"."kind" = ? AND ("events"."starts_at" BETWEEN ? AND ?)[0m  [["kind", "appointment"], ["starts_at", "2014-08-07 00:00:00"], ["starts_at", "2014-08-13 00:00:00"]]
  [1m[36mEvent Load (0.4ms)[0m  [1m[34mSELECT "events".* FROM "events" WHERE "events"."kind" = ? AND "events"."weekly_recurring" = ? AND (starts_at < '2014-08-14 00:00:00')[0m  [["kind", "opening"], ["weekly_recurring", "t"]]
  [1m[36mEvent Load (0.5ms)[0m  [1m[34mSELECT "events".* FROM "events" WHERE "events"."kind" = ? AND "events"."weekly_recurring" = ? AND ("events"."starts_at" BETWEEN ? AND ?)[0m  [["kind", "opening"], ["weekly_recurring", "f"], ["starts_at", "2014-08-07"], ["starts_at", "2014-08-13"]]
  [1m[36mEvent Load (0.3ms)[0m  [1m[34mSELECT "events".* FROM "events" WHERE "events"."kind" = ? AND ("events"."starts_at" BETWEEN ? AND ?)[0m  [["kind", "appointment"], ["starts_at", "2014-08-07 00:00:00"], ["starts_at", "2014-08-13 00:00:00"]]
  [1m[36mEvent Load (0.4ms)[0m  [1m[34mSELECT "events".* FROM "events" WHERE "events"."kind" = ? AND "events"."weekly_recurring" = ? AND (starts_at < '2014-08-14 00:00:00')[0m  [["kind", "opening"], ["weekly_recurring", "t"]]
  [1m[36mEvent Load (0.4ms)[0m  [1m[34mSELECT "events".* FROM "events" WHERE "events"."kind" = ? AND "events"."weekly_recurring" = ? AND ("events"."starts_at" BETWEEN ? AND ?)[0m  [["kind", "opening"], ["weekly_recurring", "f"], ["starts_at", "2014-08-07"], ["starts_at", "2014-08-13"]]
  [1m[36mEvent Load (0.5ms)[0m  [1m[34mSELECT "events".* FROM "events" WHERE "events"."kind" = ? AND ("events"."starts_at" BETWEEN ? AND ?)[0m  [["kind", "appointment"], ["starts_at", "2014-08-07 00:00:00"], ["starts_at", "2014-08-13 00:00:00"]]
  [1m[36mEvent Load (0.7ms)[0m  [1m[34mSELECT "events".* FROM "events" WHERE "events"."kind" = ? AND "events"."weekly_recurring" = ? AND (starts_at < '2014-08-14 00:00:00')[0m  [["kind", "opening"], ["weekly_recurring", "t"]]
  [1m[36mEvent Load (0.6ms)[0m  [1m[34mSELECT "events".* FROM "events" WHERE "events"."kind" = ? AND "events"."weekly_recurring" = ? AND ("events"."starts_at" BETWEEN ? AND ?)[0m  [["kind", "opening"], ["weekly_recurring", "f"], ["starts_at", "2014-08-07"], ["starts_at", "2014-08-13"]]
  [1m[36mEvent Load (0.4ms)[0m  [1m[34mSELECT "events".* FROM "events" WHERE "events"."kind" = ? AND ("events"."starts_at" BETWEEN ? AND ?)[0m  [["kind", "appointment"], ["starts_at", "2014-08-07 00:00:00"], ["starts_at", "2014-08-13 00:00:00"]]
  [1m[36mEvent Load (0.6ms)[0m  [1m[34mSELECT "events".* FROM "events" WHERE "events"."kind" = ? AND "events"."weekly_recurring" = ? AND (starts_at < '2014-08-14 00:00:00')[0m  [["kind", "opening"], ["weekly_recurring", "t"]]
  [1m[36mEvent Load (0.3ms)[0m  [1m[34mSELECT "events".* FROM "events" WHERE "events"."kind" = ? AND "events"."weekly_recurring" = ? AND ("events"."starts_at" BETWEEN ? AND ?)[0m  [["kind", "opening"], ["weekly_recurring", "f"], ["starts_at", "2014-08-07"], ["starts_at", "2014-08-13"]]
  [1m[36mEvent Load (0.2ms)[0m  [1m[34mSELECT "events".* FROM "events" WHERE "events"."kind" = ? AND ("events"."starts_at" BETWEEN ? AND ?)[0m  [["kind", "appointment"], ["starts_at", "2014-08-07 00:00:00"], ["starts_at", "2014-08-13 00:00:00"]]
  [1m[36mEvent Load (0.6ms)[0m  [1m[34mSELECT "events".* FROM "events" WHERE "events"."kind" = ? AND "events"."weekly_recurring" = ? AND (starts_at < '2014-08-14 00:00:00')[0m  [["kind", "opening"], ["weekly_recurring", "t"]]
  [1m[36mEvent Load (0.7ms)[0m  [1m[34mSELECT "events".* FROM "events" WHERE "events"."kind" = ? AND "events"."weekly_recurring" = ? AND ("events"."starts_at" BETWEEN ? AND ?)[0m  [["kind", "opening"], ["weekly_recurring", "f"], ["starts_at", "2014-08-07"], ["starts_at", "2014-08-13"]]
  [1m[36mEvent Load (0.4ms)[0m  [1m[34mSELECT "events".* FROM "events" WHERE "events"."kind" = ? AND ("events"."starts_at" BETWEEN ? AND ?)[0m  [["kind", "appointment"], ["starts_at", "2014-08-07 00:00:00"], ["starts_at", "2014-08-13 00:00:00"]]
  [1m[36mEvent Load (0.7ms)[0m  [1m[34mSELECT "events".* FROM "events" WHERE "events"."kind" = ? AND "events"."weekly_recurring" = ? AND (starts_at < '2014-08-14 00:00:00')[0m  [["kind", "opening"], ["weekly_recurring", "t"]]
  [1m[36mEvent Load (0.7ms)[0m  [1m[34mSELECT "events".* FROM "events" WHERE "events"."kind" = ? AND "events"."weekly_recurring" = ? AND ("events"."starts_at" BETWEEN ? AND ?)[0m  [["kind", "opening"], ["weekly_recurring", "f"], ["starts_at", "2014-08-07"], ["starts_at", "2014-08-13"]]
  [1m[36mEvent Load (0.4ms)[0m  [1m[34mSELECT "events".* FROM "events" WHERE "events"."kind" = ? AND ("events"."starts_at" BETWEEN ? AND ?)[0m  [["kind", "appointment"], ["starts_at", "2014-08-07 00:00:00"], ["starts_at", "2014-08-13 00:00:00"]]
  [1m[36mEvent Load (0.5ms)[0m  [1m[34mSELECT "events".* FROM "events" WHERE "events"."kind" = ? AND "events"."weekly_recurring" = ? AND (starts_at < '2014-08-14 00:00:00')[0m  [["kind", "opening"], ["weekly_recurring", "t"]]
  [1m[36mEvent Load (0.5ms)[0m  [1m[34mSELECT "events".* FROM "events" WHERE "events"."kind" = ? AND "events"."weekly_recurring" = ? AND ("events"."starts_at" BETWEEN ? AND ?)[0m  [["kind", "opening"], ["weekly_recurring", "f"], ["starts_at", "2014-08-07"], ["starts_at", "2014-08-13"]]
  [1m[36mEvent Load (0.6ms)[0m  [1m[34mSELECT "events".* FROM "events" WHERE "events"."kind" = ? AND ("events"."starts_at" BETWEEN ? AND ?)[0m  [["kind", "appointment"], ["starts_at", "2014-08-07 00:00:00"], ["starts_at", "2014-08-13 00:00:00"]]
  [1m[36mEvent Load (0.5ms)[0m  [1m[34mSELECT "events".* FROM "events" WHERE "events"."kind" = ? AND "events"."weekly_recurring" = ? AND (starts_at < '2014-08-14 00:00:00')[0m  [["kind", "opening"], ["weekly_recurring", "t"]]
  [1m[36mEvent Load (0.3ms)[0m  [1m[34mSELECT "events".* FROM "events" WHERE "events"."kind" = ? AND "events"."weekly_recurring" = ? AND ("events"."starts_at" BETWEEN ? AND ?)[0m  [["kind", "opening"], ["weekly_recurring", "f"], ["starts_at", "2014-08-07"], ["starts_at", "2014-08-13"]]
  [1m[36mEvent Load (0.2ms)[0m  [1m[34mSELECT "events".* FROM "events" WHERE "events"."kind" = ? AND ("events"."starts_at" BETWEEN ? AND ?)[0m  [["kind", "appointment"], ["starts_at", "2014-08-07 00:00:00"], ["starts_at", "2014-08-13 00:00:00"]]
  [1m[36mEvent Load (0.6ms)[0m  [1m[34mSELECT "events".* FROM "events" WHERE "events"."kind" = ? AND "events"."weekly_recurring" = ? AND (starts_at < '2014-08-14 00:00:00')[0m  [["kind", "opening"], ["weekly_recurring", "t"]]
  [1m[36mEvent Load (0.5ms)[0m  [1m[34mSELECT "events".* FROM "events" WHERE "events"."kind" = ? AND "events"."weekly_recurring" = ? AND ("events"."starts_at" BETWEEN ? AND ?)[0m  [["kind", "opening"], ["weekly_recurring", "f"], ["starts_at", "2014-08-07"], ["starts_at", "2014-08-13"]]
  [1m[36mEvent Load (0.4ms)[0m  [1m[34mSELECT "events".* FROM "events" WHERE "events"."kind" = ? AND ("events"."starts_at" BETWEEN ? AND ?)[0m  [["kind", "appointment"], ["starts_at", "2014-08-07 00:00:00"], ["starts_at", "2014-08-13 00:00:00"]]
  [1m[36mEvent Load (0.7ms)[0m  [1m[34mSELECT "events".* FROM "events" WHERE "events"."kind" = ? AND "events"."weekly_recurring" = ? AND (starts_at < '2014-08-14 00:00:00')[0m  [["kind", "opening"], ["weekly_recurring", "t"]]
  [1m[36mEvent Load (0.6ms)[0m  [1m[34mSELECT "events".* FROM "events" WHERE "events"."kind" = ? AND "events"."weekly_recurring" = ? AND ("events"."starts_at" BETWEEN ? AND ?)[0m  [["kind", "opening"], ["weekly_recurring", "f"], ["starts_at", "2014-08-07"], ["starts_at", "2014-08-13"]]
  [1m[36mEvent Load (0.5ms)[0m  [1m[34mSELECT "events".* FROM "events" WHERE "events"."kind" = ? AND ("events"."starts_at" BETWEEN ? AND ?)[0m  [["kind", "appointment"], ["starts_at", "2014-08-07 00:00:00"], ["starts_at", "2014-08-13 00:00:00"]]
  [1m[36mEvent Load (0.6ms)[0m  [1m[34mSELECT "events".* FROM "events" WHERE "events"."kind" = ? AND "events"."weekly_recurring" = ? AND (starts_at < '2014-08-14 00:00:00')[0m  [["kind", "opening"], ["weekly_recurring", "t"]]
  [1m[36mEvent Load (0.3ms)[0m  [1m[34mSELECT "events".* FROM "events" WHERE "events"."kind" = ? AND "events"."weekly_recurring" = ? AND ("events"."starts_at" BETWEEN ? AND ?)[0m  [["kind", "opening"], ["weekly_recurring", "f"], ["starts_at", "2014-08-07"], ["starts_at", "2014-08-13"]]
  [1m[36mEvent Load (0.3ms)[0m  [1m[34mSELECT "events".* FROM "events" WHERE "events"."kind" = ? AND ("events"."starts_at" BETWEEN ? AND ?)[0m  [["kind", "appointment"], ["starts_at", "2014-08-07 00:00:00"], ["starts_at", "2014-08-13 00:00:00"]]
  [1m[36mEvent Load (0.6ms)[0m  [1m[34mSELECT "events".* FROM "events" WHERE "events"."kind" = ? AND "events"."weekly_recurring" = ? AND (starts_at < '2014-08-14 00:00:00')[0m  [["kind", "opening"], ["weekly_recurring", "t"]]
  [1m[36mEvent Load (0.7ms)[0m  [1m[34mSELECT "events".* FROM "events" WHERE "events"."kind" = ? AND "events"."weekly_recurring" = ? AND ("events"."starts_at" BETWEEN ? AND ?)[0m  [["kind", "opening"], ["weekly_recurring", "f"], ["starts_at", "2014-08-07"], ["starts_at", "2014-08-13"]]
  [1m[36mEvent Load (0.7ms)[0m  [1m[34mSELECT "events".* FROM "events" WHERE "events"."kind" = ? AND ("events"."starts_at" BETWEEN ? AND ?)[0m  [["kind", "appointment"], ["starts_at", "2014-08-07 00:00:00"], ["starts_at", "2014-08-13 00:00:00"]]
  [1m[36mEvent Load (0.6ms)[0m  [1m[34mSELECT "events".* FROM "events" WHERE "events"."kind" = ? AND "events"."weekly_recurring" = ? AND (starts_at < '2014-08-14 00:00:00')[0m  [["kind", "opening"], ["weekly_recurring", "t"]]
  [1m[36mEvent Load (0.5ms)[0m  [1m[34mSELECT "events".* FROM "events" WHERE "events"."kind" = ? AND "events"."weekly_recurring" = ? AND ("events"."starts_at" BETWEEN ? AND ?)[0m  [["kind", "opening"], ["weekly_recurring", "f"], ["starts_at", "2014-08-07"], ["starts_at", "2014-08-13"]]
  [1m[36mEvent Load (0.6ms)[0m  [1m[34mSELECT "events".* FROM "events" WHERE "events"."kind" = ? AND ("events"."starts_at" BETWEEN ? AND ?)[0m  [["kind", "appointment"], ["starts_at", "2014-08-07 00:00:00"], ["starts_at", "2014-08-13 00:00:00"]]
  [1m[36mEvent Load (0.4ms)[0m  [1m[34mSELECT "events".* FROM "events" WHERE "events"."kind" = ? AND "events"."weekly_recurring" = ? AND (starts_at < '2014-08-11 00:00:00')[0m  [["kind", "opening"], ["weekly_recurring", "t"]]
  [1m[36mEvent Load (0.4ms)[0m  [1m[34mSELECT "events".* FROM "events" WHERE "events"."kind" = ? AND "events"."weekly_recurring" = ? AND ("events"."starts_at" BETWEEN ? AND ?)[0m  [["kind", "opening"], ["weekly_recurring", "f"], ["starts_at", "2014-08-04"], ["starts_at", "2014-08-10"]]
  [1m[36mEvent Load (0.3ms)[0m  [1m[34mSELECT "events".* FROM "events" WHERE "events"."kind" = ? AND ("events"."starts_at" BETWEEN ? AND ?)[0m  [["kind", "appointment"], ["starts_at", "2014-08-04 00:00:00"], ["starts_at", "2014-08-10 00:00:00"]]
  [1m[36mEvent Load (0.3ms)[0m  [1m[34mSELECT "events".* FROM "events" WHERE "events"."kind" = ? AND "events"."weekly_recurring" = ? AND (starts_at < '2014-08-05 00:00:00')[0m  [["kind", "opening"], ["weekly_recurring", "t"]]
  [1m[36mEvent Load (0.3ms)[0m  [1m[34mSELECT "events".* FROM "events" WHERE "events"."kind" = ? AND "events"."weekly_recurring" = ? AND ("events"."starts_at" BETWEEN ? AND ?)[0m  [["kind", "opening"], ["weekly_recurring", "f"], ["starts_at", "2014-08-04"], ["starts_at", "2014-08-04"]]
  [1m[36mEvent Load (1.4ms)[0m  [1m[34mSELECT  "events".* FROM "events" LIMIT ?[0m  [["LIMIT", 11]]
  [1m[36mEvent Load (0.5ms)[0m  [1m[34mSELECT  "events".* FROM "events" WHERE "events"."kind" = ? LIMIT ?[0m  [["kind", "opening"], ["LIMIT", 11]]
  [1m[35m (0.2ms)[0m  [1m[36mbegin transaction[0m
  [1m[35mSQL (1.8ms)[0m  [1m[32mINSERT INTO "events" ("starts_at", "ends_at", "kind", "weekly_recurring", "created_at", "updated_at") VALUES (?, ?, ?, ?, ?, ?)[0m  [["starts_at", "2014-08-04 09:30:00"], ["ends_at", "2014-08-04 11:30:00"], ["kind", "opening"], ["weekly_recurring", "t"], ["created_at", "2018-01-14 17:23:47.398936"], ["updated_at", "2018-01-14 17:23:47.398936"]]
  [1m[35m (71.3ms)[0m  [1m[36mcommit transaction[0m
  [1m[36mEvent Load (0.3ms)[0m  [1m[34mSELECT  "events".* FROM "events" WHERE "events"."kind" = ? LIMIT ?[0m  [["kind", "opening"], ["LIMIT", 11]]
  [1m[36mEvent Load (0.2ms)[0m  [1m[34mSELECT  "events".* FROM "events" WHERE "events"."kind" = ? LIMIT ?[0m  [["kind", "opening"], ["LIMIT", 11]]
  [1m[35m (0.2ms)[0m  [1m[36mbegin transaction[0m
  [1m[35mSQL (1.9ms)[0m  [1m[32mINSERT INTO "events" ("starts_at", "ends_at", "kind", "weekly_recurring", "created_at", "updated_at") VALUES (?, ?, ?, ?, ?, ?)[0m  [["starts_at", "2014-08-04 09:30:00"], ["ends_at", "2014-08-04 11:30:00"], ["kind", "opening"], ["weekly_recurring", "t"], ["created_at", "2018-01-14 17:24:16.827298"], ["updated_at", "2018-01-14 17:24:16.827298"]]
  [1m[35m (98.9ms)[0m  [1m[36mcommit transaction[0m
  [1m[35m (0.1ms)[0m  [1m[36mbegin transaction[0m
  [1m[35mSQL (0.4ms)[0m  [1m[32mINSERT INTO "events" ("starts_at", "ends_at", "kind", "weekly_recurring", "created_at", "updated_at") VALUES (?, ?, ?, ?, ?, ?)[0m  [["starts_at", "2014-08-04 09:30:00"], ["ends_at", "2014-08-04 11:30:00"], ["kind", "opening"], ["weekly_recurring", "t"], ["created_at", "2018-01-14 17:24:23.735301"], ["updated_at", "2018-01-14 17:24:23.735301"]]
  [1m[35m (81.9ms)[0m  [1m[36mcommit transaction[0m
  [1m[35m (0.2ms)[0m  [1m[36mbegin transaction[0m
  [1m[35mSQL (1.7ms)[0m  [1m[32mINSERT INTO "events" ("starts_at", "ends_at", "kind", "weekly_recurring", "created_at", "updated_at") VALUES (?, ?, ?, ?, ?, ?)[0m  [["starts_at", "2014-08-04 09:30:00"], ["ends_at", "2014-08-04 11:30:00"], ["kind", "opening"], ["weekly_recurring", "t"], ["created_at", "2018-01-14 17:25:08.364717"], ["updated_at", "2018-01-14 17:25:08.364717"]]
  [1m[35m (106.0ms)[0m  [1m[36mcommit transaction[0m
